{"uid":"47b6e5444e58c800","name":"testLongUsername()","fullName":"com.ecommerce.tests.SignupTest.testLongUsername","historyId":"c9ec03804ee5d9d3427be30ba64ec39","time":{"start":1758984229427,"stop":1758984229443,"duration":16},"description":"Verify signup fails with very long username","descriptionHtml":"<p>Verify signup fails with very long username</p>\n","status":"broken","statusMessage":"Could not start a new session. Possible causes are invalid address of the remote server or browser start-up failure. \nHost info: host: '2120fb2e59c5', ip: '172.18.0.3'","statusTrace":"org.openqa.selenium.SessionNotCreatedException: Could not start a new session. Possible causes are invalid address of the remote server or browser start-up failure. \nHost info: host: '2120fb2e59c5', ip: '172.18.0.3'\n\tat org.openqa.selenium.remote.RemoteWebDriver.execute(RemoteWebDriver.java:563)\n\tat org.openqa.selenium.remote.RemoteWebDriver.startSession(RemoteWebDriver.java:245)\n\tat org.openqa.selenium.remote.RemoteWebDriver.<init>(RemoteWebDriver.java:174)\n\tat org.openqa.selenium.chromium.ChromiumDriver.<init>(ChromiumDriver.java:114)\n\tat org.openqa.selenium.chrome.ChromeDriver.<init>(ChromeDriver.java:88)\n\tat org.openqa.selenium.chrome.ChromeDriver.<init>(ChromeDriver.java:83)\n\tat org.openqa.selenium.chrome.ChromeDriver.<init>(ChromeDriver.java:72)\n\tat com.ecommerce.utils.DriverFactory.setupDriver(DriverFactory.java:40)\n\tat com.ecommerce.base.BaseTest.setup(BaseTest.java:33)\n\tat java.base/java.lang.reflect.Method.invoke(Method.java:580)\n\tat java.base/java.util.ArrayList.forEach(ArrayList.java:1596)\n\tat java.base/java.util.ArrayList.forEach(ArrayList.java:1596)\nCaused by: org.openqa.selenium.WebDriverException: Driver server process died prematurely.\nBuild info: version: '4.24.0', revision: '748ffc9bc3'\nSystem info: os.name: 'Linux', os.arch: 'amd64', os.version: '6.11.0-1018-azure', java.version: '21.0.3'\nDriver info: driver.version: ChromeDriver\n\tat org.openqa.selenium.remote.service.DriverService.start(DriverService.java:246)\n\tat org.openqa.selenium.remote.service.DriverCommandExecutor.execute(DriverCommandExecutor.java:117)\n\tat org.openqa.selenium.remote.RemoteWebDriver.execute(RemoteWebDriver.java:545)\n\t... 11 more\n","flaky":false,"newFailed":false,"newBroken":false,"newPassed":false,"retriesCount":0,"retriesStatusChange":false,"beforeStages":[],"afterStages":[],"labels":[{"name":"junit.platform.uniqueid","value":"[engine:junit-jupiter]/[class:com.ecommerce.tests.SignupTest]/[method:testLongUsername()]"},{"name":"story","value":"User Registration"},{"name":"host","value":"2120fb2e59c5"},{"name":"thread","value":"66@2120fb2e59c5.main(1)"},{"name":"framework","value":"junit-platform"},{"name":"language","value":"java"},{"name":"package","value":"com.ecommerce.tests.SignupTest"},{"name":"testClass","value":"com.ecommerce.tests.SignupTest"},{"name":"testMethod","value":"testLongUsername"},{"name":"suite","value":"com.ecommerce.tests.SignupTest"},{"name":"severity","value":"normal"},{"name":"resultFormat","value":"allure2"}],"parameters":[],"links":[],"hidden":false,"retry":false,"extra":{"severity":"normal","retries":[],"categories":[{"name":"Test defects","matchedStatuses":[],"flaky":false}],"tags":[]},"source":"47b6e5444e58c800.json","parameterValues":[]}