{"uid":"63f805fe7001009e","name":"testOpenAboutUsModal()","fullName":"com.ecommerce.tests.AboutUsPageTest.testOpenAboutUsModal","historyId":"d78ceb24a691bc7645458301b8a31804","time":{"start":1759087654311,"stop":1759087660527,"duration":6216},"description":"Verify About Us modal opens and is displayed with correct title","descriptionHtml":"<p>Verify About Us modal opens and is displayed with correct title</p>\n","status":"failed","statusMessage":"Invalid element state [#navbarExample a.nav-link.findBy(text \"About us\")]: element click intercepted: Element <a class=\"nav-link\" data-toggle=\"modal\" data-target=\"#videoModal\" href=\"#\">...</a> is not clickable at point (185, 86). Other element would receive the click: <img class=\"d-block img-fluid\" src=\"Samsung1.jpg\" alt=\"First slide\">\nScreenshot: file:/app/target/allure-results/1759087660293.19.png\nPage source: file:/app/target/allure-results/1759087660293.19.html\nTimeout: 5 s.\nCaused by: ElementClickInterceptedException: element click intercepted: Element <a class=\"nav-link\" data-toggle=\"modal\" data-target=\"#videoModal\" href=\"#\">...</a> is not clickable at point (185, 86). Other element would receive the click: <img class=\"d-block img-fluid\" src=\"Samsung1.jpg\" alt=\"First slide\">","statusTrace":"Invalid element state [#navbarExample a.nav-link.findBy(text \"About us\")]: element click intercepted: Element <a class=\"nav-link\" data-toggle=\"modal\" data-target=\"#videoModal\" href=\"#\">...</a> is not clickable at point (185, 86). Other element would receive the click: <img class=\"d-block img-fluid\" src=\"Samsung1.jpg\" alt=\"First slide\">\nScreenshot: file:/app/target/allure-results/1759087660293.19.png\nPage source: file:/app/target/allure-results/1759087660293.19.html\nTimeout: 5 s.\nCaused by: ElementClickInterceptedException: element click intercepted: Element <a class=\"nav-link\" data-toggle=\"modal\" data-target=\"#videoModal\" href=\"#\">...</a> is not clickable at point (185, 86). Other element would receive the click: <img class=\"d-block img-fluid\" src=\"Samsung1.jpg\" alt=\"First slide\">\n\tat com.codeborne.selenide.impl.ExceptionWrapper.wrap(ExceptionWrapper.java:19)\n\tat com.codeborne.selenide.impl.SelenideElementProxy.dispatchAndRetry(SelenideElementProxy.java:153)\n\tat com.codeborne.selenide.impl.SelenideElementProxy.invoke(SelenideElementProxy.java:83)\n\tat jdk.proxy2/jdk.proxy2.$Proxy27.click(Unknown Source)\n\tat com.ecommerce.pages.HomePage.clickAboutUs(HomePage.java:71)\n\tat com.ecommerce.tests.AboutUsPageTest.testOpenAboutUsModal(AboutUsPageTest.java:33)\n\tat java.base/java.lang.reflect.Method.invoke(Method.java:580)\n\tat java.base/java.util.ArrayList.forEach(ArrayList.java:1596)\n\tat java.base/java.util.ArrayList.forEach(ArrayList.java:1596)\nCaused by: org.openqa.selenium.ElementClickInterceptedException: element click intercepted: Element <a class=\"nav-link\" data-toggle=\"modal\" data-target=\"#videoModal\" href=\"#\">...</a> is not clickable at point (185, 86). Other element would receive the click: <img class=\"d-block img-fluid\" src=\"Samsung1.jpg\" alt=\"First slide\">\n  (Session info: chrome=140.0.7339.207)\nBuild info: version: '4.24.0', revision: '748ffc9bc3'\nSystem info: os.name: 'Linux', os.arch: 'amd64', os.version: '6.11.0-1018-azure', java.version: '21.0.3'\nDriver info: org.openqa.selenium.remote.RemoteWebDriver\nCommand: [a828ff795ccba5c884b542a1e906cdb1, clickElement {id=f.67311639BA3393E5EF6ABF0D5D4D6D59.d.6049489DB8B455462051F4A9C714680C.e.50}]\nCapabilities {acceptInsecureCerts: false, browserName: chrome, browserVersion: 140.0.7339.207, chrome: {chromedriverVersion: 140.0.7339.207 (17230b545fd..., userDataDir: /tmp/.org.chromium.Chromium...}, fedcm:accounts: true, goog:chromeOptions: {debuggerAddress: localhost:46743}, networkConnectionEnabled: false, pageLoadStrategy: normal, platformName: linux, proxy: Proxy(), se:bidiEnabled: false, se:cdp: ws://172.18.0.2:4444/sessio..., se:cdpVersion: 140.0.7339.207, se:containerName: bd76ef64bc06, se:deleteSessionOnUi: true, se:downloadsEnabled: true, se:noVncPort: 7900, se:vnc: ws://172.18.0.2:4444/sessio..., se:vncEnabled: true, se:vncLocalAddress: ws://172.18.0.2:7900, setWindowRect: true, strictFileInteractability: false, timeouts: {implicit: 0, pageLoad: 300000, script: 30000}, unhandledPromptBehavior: dismiss and notify, webauthn:extension:credBlob: true, webauthn:extension:largeBlob: true, webauthn:extension:minPinLength: true, webauthn:extension:prf: true, webauthn:virtualAuthenticators: true}\nElement: [[RemoteWebDriver: chrome on linux (a828ff795ccba5c884b542a1e906cdb1)] -> css selector: #navbarExample a.nav-link]\nSession ID: a828ff795ccba5c884b542a1e906cdb1\n\tat java.base/jdk.internal.reflect.DirectConstructorHandleAccessor.newInstance(DirectConstructorHandleAccessor.java:62)\n\tat java.base/java.lang.reflect.Constructor.newInstanceWithCaller(Constructor.java:502)\n\tat java.base/java.lang.reflect.Constructor.newInstance(Constructor.java:486)\n\tat org.openqa.selenium.remote.ErrorCodec.decode(ErrorCodec.java:167)\n\tat org.openqa.selenium.remote.codec.w3c.W3CHttpResponseCodec.decode(W3CHttpResponseCodec.java:138)\n\tat org.openqa.selenium.remote.codec.w3c.W3CHttpResponseCodec.decode(W3CHttpResponseCodec.java:50)\n\tat org.openqa.selenium.remote.HttpCommandExecutor.execute(HttpCommandExecutor.java:190)\n\tat org.openqa.selenium.remote.TracedCommandExecutor.execute(TracedCommandExecutor.java:53)\n\tat org.openqa.selenium.remote.RemoteWebDriver.execute(RemoteWebDriver.java:545)\n\tat org.openqa.selenium.remote.RemoteWebElement.execute(RemoteWebElement.java:223)\n\tat org.openqa.selenium.remote.RemoteWebElement.click(RemoteWebElement.java:76)\n\tat com.codeborne.selenide.commands.Click.defaultClick(Click.java:105)\n\tat com.codeborne.selenide.commands.Click.doClick(Click.java:83)\n\tat com.codeborne.selenide.commands.Click.click(Click.java:59)\n\tat com.codeborne.selenide.commands.Click.execute(Click.java:39)\n\tat com.codeborne.selenide.FluentCommand.execute(FluentCommand.java:27)\n\tat com.codeborne.selenide.FluentCommand.execute(FluentCommand.java:19)\n\tat com.codeborne.selenide.commands.Commands.execute(Commands.java:160)\n\tat com.codeborne.selenide.impl.SelenideElementProxy.dispatchAndRetry(SelenideElementProxy.java:131)\n\t... 7 more\n","flaky":false,"newFailed":false,"newBroken":false,"newPassed":false,"retriesCount":0,"retriesStatusChange":false,"beforeStages":[],"afterStages":[],"labels":[{"name":"junit.platform.uniqueid","value":"[engine:junit-jupiter]/[class:com.ecommerce.tests.AboutUsPageTest]/[method:testOpenAboutUsModal()]"},{"name":"epic","value":"E-Commerce Application"},{"name":"feature","value":"About Us Modal"},{"name":"story","value":"About Us Modal"},{"name":"host","value":"018fcd1c82ba"},{"name":"thread","value":"65@018fcd1c82ba.main(1)"},{"name":"framework","value":"junit-platform"},{"name":"language","value":"java"},{"name":"package","value":"com.ecommerce.tests.AboutUsPageTest"},{"name":"testClass","value":"com.ecommerce.tests.AboutUsPageTest"},{"name":"testMethod","value":"testOpenAboutUsModal"},{"name":"suite","value":"com.ecommerce.tests.AboutUsPageTest"},{"name":"severity","value":"critical"},{"name":"resultFormat","value":"allure2"}],"parameters":[],"links":[],"hidden":false,"retry":false,"extra":{"severity":"critical","retries":[],"categories":[{"name":"Product defects","matchedStatuses":[],"flaky":false}],"tags":[]},"source":"63f805fe7001009e.json","parameterValues":[]}