{"uid":"693f7bcd9b73be2a","name":"testLongUsername()","fullName":"com.ecommerce.tests.SignupTest.testLongUsername","historyId":"c9ec03804ee5d9d3427be30ba64ec39","time":{"start":1759131284595,"stop":1759131290662,"duration":6067},"description":"Verify signup fails with very long username","descriptionHtml":"<p>Verify signup fails with very long username</p>\n","status":"failed","statusMessage":"Invalid element state [#signin2]: element click intercepted: Element <a class=\"nav-link\" href=\"#\" id=\"signin2\" data-toggle=\"modal\" data-target=\"#signInModal\" style=\"display: block;\">...</a> is not clickable at point (363, 86). Other element would receive the click: <img class=\"d-block img-fluid\" src=\"Samsung1.jpg\" alt=\"First slide\">\nScreenshot: file:/app/target/allure-results/1759131290411.2.png\nPage source: file:/app/target/allure-results/1759131290411.2.html\nTimeout: 5 s.\nCaused by: ElementClickInterceptedException: element click intercepted: Element <a class=\"nav-link\" href=\"#\" id=\"signin2\" data-toggle=\"modal\" data-target=\"#signInModal\" style=\"display: block;\">...</a> is not clickable at point (363, 86). Other element would receive the click: <img class=\"d-block img-fluid\" src=\"Samsung1.jpg\" alt=\"First slide\">","statusTrace":"Invalid element state [#signin2]: element click intercepted: Element <a class=\"nav-link\" href=\"#\" id=\"signin2\" data-toggle=\"modal\" data-target=\"#signInModal\" style=\"display: block;\">...</a> is not clickable at point (363, 86). Other element would receive the click: <img class=\"d-block img-fluid\" src=\"Samsung1.jpg\" alt=\"First slide\">\nScreenshot: file:/app/target/allure-results/1759131290411.2.png\nPage source: file:/app/target/allure-results/1759131290411.2.html\nTimeout: 5 s.\nCaused by: ElementClickInterceptedException: element click intercepted: Element <a class=\"nav-link\" href=\"#\" id=\"signin2\" data-toggle=\"modal\" data-target=\"#signInModal\" style=\"display: block;\">...</a> is not clickable at point (363, 86). Other element would receive the click: <img class=\"d-block img-fluid\" src=\"Samsung1.jpg\" alt=\"First slide\">\n\tat com.codeborne.selenide.impl.ExceptionWrapper.wrap(ExceptionWrapper.java:19)\n\tat com.codeborne.selenide.impl.SelenideElementProxy.dispatchAndRetry(SelenideElementProxy.java:153)\n\tat com.codeborne.selenide.impl.SelenideElementProxy.invoke(SelenideElementProxy.java:83)\n\tat jdk.proxy2/jdk.proxy2.$Proxy28.click(Unknown Source)\n\tat com.ecommerce.base.BasePage.click(BasePage.java:42)\n\tat com.ecommerce.pages.HomePage.clickSignup(HomePage.java:80)\n\tat com.ecommerce.tests.SignupTest.testLongUsername(SignupTest.java:146)\n\tat java.base/java.lang.reflect.Method.invoke(Method.java:580)\n\tat java.base/java.util.ArrayList.forEach(ArrayList.java:1596)\n\tat java.base/java.util.ArrayList.forEach(ArrayList.java:1596)\nCaused by: org.openqa.selenium.ElementClickInterceptedException: element click intercepted: Element <a class=\"nav-link\" href=\"#\" id=\"signin2\" data-toggle=\"modal\" data-target=\"#signInModal\" style=\"display: block;\">...</a> is not clickable at point (363, 86). Other element would receive the click: <img class=\"d-block img-fluid\" src=\"Samsung1.jpg\" alt=\"First slide\">\n  (Session info: chrome=140.0.7339.207)\nBuild info: version: '4.24.0', revision: '748ffc9bc3'\nSystem info: os.name: 'Linux', os.arch: 'amd64', os.version: '6.11.0-1018-azure', java.version: '21.0.3'\nDriver info: org.openqa.selenium.remote.RemoteWebDriver\nCommand: [ddc93551773705e811816324a7ea5d52, clickElement {id=f.637927A02C5E98D46DE8145263A79022.d.4D0084BB3D8769AA74B579F65F1F912D.e.50}]\nCapabilities {acceptInsecureCerts: false, browserName: chrome, browserVersion: 140.0.7339.207, chrome: {chromedriverVersion: 140.0.7339.207 (17230b545fd..., userDataDir: /tmp/.org.chromium.Chromium...}, fedcm:accounts: true, goog:chromeOptions: {debuggerAddress: localhost:34435}, networkConnectionEnabled: false, pageLoadStrategy: normal, platformName: linux, proxy: Proxy(), se:bidiEnabled: false, se:cdp: ws://172.18.0.2:4444/sessio..., se:cdpVersion: 140.0.7339.207, se:containerName: b2812d8e75d9, se:deleteSessionOnUi: true, se:downloadsEnabled: true, se:noVncPort: 7900, se:vnc: ws://172.18.0.2:4444/sessio..., se:vncEnabled: true, se:vncLocalAddress: ws://172.18.0.2:7900, setWindowRect: true, strictFileInteractability: false, timeouts: {implicit: 0, pageLoad: 300000, script: 30000}, unhandledPromptBehavior: dismiss and notify, webauthn:extension:credBlob: true, webauthn:extension:largeBlob: true, webauthn:extension:minPinLength: true, webauthn:extension:prf: true, webauthn:virtualAuthenticators: true}\nElement: [[RemoteWebDriver: chrome on linux (ddc93551773705e811816324a7ea5d52)] -> css selector: #signin2]\nSession ID: ddc93551773705e811816324a7ea5d52\n\tat java.base/jdk.internal.reflect.DirectConstructorHandleAccessor.newInstance(DirectConstructorHandleAccessor.java:62)\n\tat java.base/java.lang.reflect.Constructor.newInstanceWithCaller(Constructor.java:502)\n\tat java.base/java.lang.reflect.Constructor.newInstance(Constructor.java:486)\n\tat org.openqa.selenium.remote.ErrorCodec.decode(ErrorCodec.java:167)\n\tat org.openqa.selenium.remote.codec.w3c.W3CHttpResponseCodec.decode(W3CHttpResponseCodec.java:138)\n\tat org.openqa.selenium.remote.codec.w3c.W3CHttpResponseCodec.decode(W3CHttpResponseCodec.java:50)\n\tat org.openqa.selenium.remote.HttpCommandExecutor.execute(HttpCommandExecutor.java:190)\n\tat org.openqa.selenium.remote.TracedCommandExecutor.execute(TracedCommandExecutor.java:53)\n\tat org.openqa.selenium.remote.RemoteWebDriver.execute(RemoteWebDriver.java:545)\n\tat org.openqa.selenium.remote.RemoteWebElement.execute(RemoteWebElement.java:223)\n\tat org.openqa.selenium.remote.RemoteWebElement.click(RemoteWebElement.java:76)\n\tat com.codeborne.selenide.commands.Click.defaultClick(Click.java:105)\n\tat com.codeborne.selenide.commands.Click.doClick(Click.java:83)\n\tat com.codeborne.selenide.commands.Click.click(Click.java:59)\n\tat com.codeborne.selenide.commands.Click.execute(Click.java:39)\n\tat com.codeborne.selenide.FluentCommand.execute(FluentCommand.java:27)\n\tat com.codeborne.selenide.FluentCommand.execute(FluentCommand.java:19)\n\tat com.codeborne.selenide.commands.Commands.execute(Commands.java:160)\n\tat com.codeborne.selenide.impl.SelenideElementProxy.dispatchAndRetry(SelenideElementProxy.java:131)\n\t... 8 more\n","flaky":false,"newFailed":false,"newBroken":false,"newPassed":false,"retriesCount":0,"retriesStatusChange":false,"beforeStages":[],"afterStages":[],"labels":[{"name":"tag","value":"regression"},{"name":"junit.platform.uniqueid","value":"[engine:junit-jupiter]/[class:com.ecommerce.tests.SignupTest]/[method:testLongUsername()]"},{"name":"story","value":"User Registration"},{"name":"host","value":"765e9e84a1be"},{"name":"thread","value":"65@765e9e84a1be.main(1)"},{"name":"framework","value":"junit-platform"},{"name":"language","value":"java"},{"name":"package","value":"com.ecommerce.tests.SignupTest"},{"name":"testClass","value":"com.ecommerce.tests.SignupTest"},{"name":"testMethod","value":"testLongUsername"},{"name":"suite","value":"com.ecommerce.tests.SignupTest"},{"name":"severity","value":"normal"},{"name":"resultFormat","value":"allure2"}],"parameters":[],"links":[],"hidden":false,"retry":false,"extra":{"severity":"normal","retries":[],"categories":[{"name":"Product defects","matchedStatuses":[],"flaky":false}],"tags":["regression"]},"source":"693f7bcd9b73be2a.json","parameterValues":[]}