{"uid":"a20f05d17aa1afb6","name":"testInvalidPassword()","fullName":"com.ecommerce.tests.LoginTest.testInvalidPassword","historyId":"75caf4f2ea97deada1329e0414c9e1f8","time":{"start":1758989521437,"stop":1758989521458,"duration":21},"description":"Verify login fails with invalid password","descriptionHtml":"<p>Verify login fails with invalid password</p>\n","status":"broken","statusMessage":"Could not start a new session. Possible causes are invalid address of the remote server or browser start-up failure. \nHost info: host: '1179b2e597f3', ip: '172.18.0.3'","statusTrace":"org.openqa.selenium.SessionNotCreatedException: Could not start a new session. Possible causes are invalid address of the remote server or browser start-up failure. \nHost info: host: '1179b2e597f3', ip: '172.18.0.3'\n\tat org.openqa.selenium.remote.RemoteWebDriver.execute(RemoteWebDriver.java:563)\n\tat org.openqa.selenium.remote.RemoteWebDriver.startSession(RemoteWebDriver.java:245)\n\tat org.openqa.selenium.remote.RemoteWebDriver.<init>(RemoteWebDriver.java:174)\n\tat org.openqa.selenium.chromium.ChromiumDriver.<init>(ChromiumDriver.java:114)\n\tat org.openqa.selenium.chrome.ChromeDriver.<init>(ChromeDriver.java:88)\n\tat org.openqa.selenium.chrome.ChromeDriver.<init>(ChromeDriver.java:83)\n\tat org.openqa.selenium.chrome.ChromeDriver.<init>(ChromeDriver.java:72)\n\tat com.ecommerce.utils.DriverFactory.setupDriver(DriverFactory.java:40)\n\tat com.ecommerce.base.BaseTest.setup(BaseTest.java:33)\n\tat java.base/java.lang.reflect.Method.invoke(Method.java:580)\n\tat java.base/java.util.ArrayList.forEach(ArrayList.java:1596)\n\tat java.base/java.util.ArrayList.forEach(ArrayList.java:1596)\nCaused by: org.openqa.selenium.WebDriverException: Driver server process died prematurely.\nBuild info: version: '4.24.0', revision: '748ffc9bc3'\nSystem info: os.name: 'Linux', os.arch: 'amd64', os.version: '6.11.0-1018-azure', java.version: '21.0.3'\nDriver info: driver.version: ChromeDriver\n\tat org.openqa.selenium.remote.service.DriverService.start(DriverService.java:246)\n\tat org.openqa.selenium.remote.service.DriverCommandExecutor.execute(DriverCommandExecutor.java:117)\n\tat org.openqa.selenium.remote.RemoteWebDriver.execute(RemoteWebDriver.java:545)\n\t... 11 more\n","flaky":false,"newFailed":false,"newBroken":false,"newPassed":false,"retriesCount":0,"retriesStatusChange":false,"beforeStages":[],"afterStages":[],"labels":[{"name":"junit.platform.uniqueid","value":"[engine:junit-jupiter]/[class:com.ecommerce.tests.LoginTest]/[method:testInvalidPassword()]"},{"name":"epic","value":"E-Commerce Application"},{"name":"feature","value":"Login"},{"name":"story","value":"User Login"},{"name":"host","value":"1179b2e597f3"},{"name":"thread","value":"65@1179b2e597f3.main(1)"},{"name":"framework","value":"junit-platform"},{"name":"language","value":"java"},{"name":"package","value":"com.ecommerce.tests.LoginTest"},{"name":"testClass","value":"com.ecommerce.tests.LoginTest"},{"name":"testMethod","value":"testInvalidPassword"},{"name":"suite","value":"com.ecommerce.tests.LoginTest"},{"name":"severity","value":"normal"},{"name":"resultFormat","value":"allure2"}],"parameters":[],"links":[],"hidden":false,"retry":false,"extra":{"severity":"normal","retries":[],"categories":[{"name":"Test defects","matchedStatuses":[],"flaky":false}],"tags":[]},"source":"a20f05d17aa1afb6.json","parameterValues":[]}