{"uid":"d58a58efb2ee39d1","name":"testExistingUserSignup()","fullName":"com.ecommerce.tests.SignupTest.testExistingUserSignup","historyId":"79f71d61dadfc2278ef91710c434f875","time":{"start":1759133431565,"stop":1759133437545,"duration":5980},"description":"Verify signup fails with existing username","descriptionHtml":"<p>Verify signup fails with existing username</p>\n","status":"failed","statusMessage":"Invalid element state [#signin2]: element click intercepted: Element <a class=\"nav-link\" href=\"#\" id=\"signin2\" data-toggle=\"modal\" data-target=\"#signInModal\" style=\"display: block;\">...</a> is not clickable at point (363, 86). Other element would receive the click: <img class=\"d-block img-fluid\" src=\"Samsung1.jpg\" alt=\"First slide\">\nScreenshot: file:/app/target/allure-results/1759133437303.6.png\nPage source: file:/app/target/allure-results/1759133437303.6.html\nTimeout: 5 s.\nCaused by: ElementClickInterceptedException: element click intercepted: Element <a class=\"nav-link\" href=\"#\" id=\"signin2\" data-toggle=\"modal\" data-target=\"#signInModal\" style=\"display: block;\">...</a> is not clickable at point (363, 86). Other element would receive the click: <img class=\"d-block img-fluid\" src=\"Samsung1.jpg\" alt=\"First slide\">","statusTrace":"Invalid element state [#signin2]: element click intercepted: Element <a class=\"nav-link\" href=\"#\" id=\"signin2\" data-toggle=\"modal\" data-target=\"#signInModal\" style=\"display: block;\">...</a> is not clickable at point (363, 86). Other element would receive the click: <img class=\"d-block img-fluid\" src=\"Samsung1.jpg\" alt=\"First slide\">\nScreenshot: file:/app/target/allure-results/1759133437303.6.png\nPage source: file:/app/target/allure-results/1759133437303.6.html\nTimeout: 5 s.\nCaused by: ElementClickInterceptedException: element click intercepted: Element <a class=\"nav-link\" href=\"#\" id=\"signin2\" data-toggle=\"modal\" data-target=\"#signInModal\" style=\"display: block;\">...</a> is not clickable at point (363, 86). Other element would receive the click: <img class=\"d-block img-fluid\" src=\"Samsung1.jpg\" alt=\"First slide\">\n\tat com.codeborne.selenide.impl.ExceptionWrapper.wrap(ExceptionWrapper.java:19)\n\tat com.codeborne.selenide.impl.SelenideElementProxy.dispatchAndRetry(SelenideElementProxy.java:153)\n\tat com.codeborne.selenide.impl.SelenideElementProxy.invoke(SelenideElementProxy.java:83)\n\tat jdk.proxy2/jdk.proxy2.$Proxy28.click(Unknown Source)\n\tat com.ecommerce.base.BasePage.click(BasePage.java:42)\n\tat com.ecommerce.pages.HomePage.clickSignup(HomePage.java:80)\n\tat com.ecommerce.tests.SignupTest.testExistingUserSignup(SignupTest.java:114)\n\tat java.base/java.lang.reflect.Method.invoke(Method.java:580)\n\tat java.base/java.util.ArrayList.forEach(ArrayList.java:1596)\n\tat java.base/java.util.ArrayList.forEach(ArrayList.java:1596)\nCaused by: org.openqa.selenium.ElementClickInterceptedException: element click intercepted: Element <a class=\"nav-link\" href=\"#\" id=\"signin2\" data-toggle=\"modal\" data-target=\"#signInModal\" style=\"display: block;\">...</a> is not clickable at point (363, 86). Other element would receive the click: <img class=\"d-block img-fluid\" src=\"Samsung1.jpg\" alt=\"First slide\">\n  (Session info: chrome=140.0.7339.207)\nBuild info: version: '4.24.0', revision: '748ffc9bc3'\nSystem info: os.name: 'Linux', os.arch: 'amd64', os.version: '6.11.0-1018-azure', java.version: '21.0.3'\nDriver info: org.openqa.selenium.remote.RemoteWebDriver\nCommand: [07b2f92f55eb68bc94f10e7f91a9731b, clickElement {id=f.0287D1CBF2669C341AE11593A546E144.d.71B0691E812921EE6D6762991444883F.e.50}]\nCapabilities {acceptInsecureCerts: false, browserName: chrome, browserVersion: 140.0.7339.207, chrome: {chromedriverVersion: 140.0.7339.207 (17230b545fd..., userDataDir: /tmp/.org.chromium.Chromium...}, fedcm:accounts: true, goog:chromeOptions: {debuggerAddress: localhost:34461}, networkConnectionEnabled: false, pageLoadStrategy: normal, platformName: linux, proxy: Proxy(), se:bidiEnabled: false, se:cdp: ws://172.18.0.2:4444/sessio..., se:cdpVersion: 140.0.7339.207, se:containerName: 70d43458264e, se:deleteSessionOnUi: true, se:downloadsEnabled: true, se:noVncPort: 7900, se:vnc: ws://172.18.0.2:4444/sessio..., se:vncEnabled: true, se:vncLocalAddress: ws://172.18.0.2:7900, setWindowRect: true, strictFileInteractability: false, timeouts: {implicit: 0, pageLoad: 300000, script: 30000}, unhandledPromptBehavior: dismiss and notify, webauthn:extension:credBlob: true, webauthn:extension:largeBlob: true, webauthn:extension:minPinLength: true, webauthn:extension:prf: true, webauthn:virtualAuthenticators: true}\nElement: [[RemoteWebDriver: chrome on linux (07b2f92f55eb68bc94f10e7f91a9731b)] -> css selector: #signin2]\nSession ID: 07b2f92f55eb68bc94f10e7f91a9731b\n\tat java.base/jdk.internal.reflect.DirectConstructorHandleAccessor.newInstance(DirectConstructorHandleAccessor.java:62)\n\tat java.base/java.lang.reflect.Constructor.newInstanceWithCaller(Constructor.java:502)\n\tat java.base/java.lang.reflect.Constructor.newInstance(Constructor.java:486)\n\tat org.openqa.selenium.remote.ErrorCodec.decode(ErrorCodec.java:167)\n\tat org.openqa.selenium.remote.codec.w3c.W3CHttpResponseCodec.decode(W3CHttpResponseCodec.java:138)\n\tat org.openqa.selenium.remote.codec.w3c.W3CHttpResponseCodec.decode(W3CHttpResponseCodec.java:50)\n\tat org.openqa.selenium.remote.HttpCommandExecutor.execute(HttpCommandExecutor.java:190)\n\tat org.openqa.selenium.remote.TracedCommandExecutor.execute(TracedCommandExecutor.java:53)\n\tat org.openqa.selenium.remote.RemoteWebDriver.execute(RemoteWebDriver.java:545)\n\tat org.openqa.selenium.remote.RemoteWebElement.execute(RemoteWebElement.java:223)\n\tat org.openqa.selenium.remote.RemoteWebElement.click(RemoteWebElement.java:76)\n\tat com.codeborne.selenide.commands.Click.defaultClick(Click.java:105)\n\tat com.codeborne.selenide.commands.Click.doClick(Click.java:83)\n\tat com.codeborne.selenide.commands.Click.click(Click.java:59)\n\tat com.codeborne.selenide.commands.Click.execute(Click.java:39)\n\tat com.codeborne.selenide.FluentCommand.execute(FluentCommand.java:27)\n\tat com.codeborne.selenide.FluentCommand.execute(FluentCommand.java:19)\n\tat com.codeborne.selenide.commands.Commands.execute(Commands.java:160)\n\tat com.codeborne.selenide.impl.SelenideElementProxy.dispatchAndRetry(SelenideElementProxy.java:131)\n\t... 8 more\n","flaky":false,"newFailed":false,"newBroken":false,"newPassed":false,"retriesCount":0,"retriesStatusChange":false,"beforeStages":[],"afterStages":[],"labels":[{"name":"tag","value":"regression"},{"name":"junit.platform.uniqueid","value":"[engine:junit-jupiter]/[class:com.ecommerce.tests.SignupTest]/[method:testExistingUserSignup()]"},{"name":"story","value":"User Registration"},{"name":"host","value":"d04ed1f508db"},{"name":"thread","value":"65@d04ed1f508db.main(1)"},{"name":"framework","value":"junit-platform"},{"name":"language","value":"java"},{"name":"package","value":"com.ecommerce.tests.SignupTest"},{"name":"testClass","value":"com.ecommerce.tests.SignupTest"},{"name":"testMethod","value":"testExistingUserSignup"},{"name":"suite","value":"com.ecommerce.tests.SignupTest"},{"name":"severity","value":"critical"},{"name":"resultFormat","value":"allure2"}],"parameters":[],"links":[],"hidden":false,"retry":false,"extra":{"severity":"critical","retries":[],"categories":[{"name":"Product defects","matchedStatuses":[],"flaky":false}],"tags":["regression"]},"source":"d58a58efb2ee39d1.json","parameterValues":[]}