{"uid":"ff2172c11ccc938f","name":"testEmptyPassword()","fullName":"com.ecommerce.tests.SignupTest.testEmptyPassword","historyId":"a2b6f41e22754659927183e77c0053cf","time":{"start":1759133425560,"stop":1759133431562,"duration":6002},"description":"Verify signup fails with empty password","descriptionHtml":"<p>Verify signup fails with empty password</p>\n","status":"failed","statusMessage":"Invalid element state [#signin2]: element click intercepted: Element <a class=\"nav-link\" href=\"#\" id=\"signin2\" data-toggle=\"modal\" data-target=\"#signInModal\" style=\"display: block;\">...</a> is not clickable at point (363, 86). Other element would receive the click: <img class=\"d-block img-fluid\" src=\"Samsung1.jpg\" alt=\"First slide\">\nScreenshot: file:/app/target/allure-results/1759133431331.5.png\nPage source: file:/app/target/allure-results/1759133431331.5.html\nTimeout: 5 s.\nCaused by: ElementClickInterceptedException: element click intercepted: Element <a class=\"nav-link\" href=\"#\" id=\"signin2\" data-toggle=\"modal\" data-target=\"#signInModal\" style=\"display: block;\">...</a> is not clickable at point (363, 86). Other element would receive the click: <img class=\"d-block img-fluid\" src=\"Samsung1.jpg\" alt=\"First slide\">","statusTrace":"Invalid element state [#signin2]: element click intercepted: Element <a class=\"nav-link\" href=\"#\" id=\"signin2\" data-toggle=\"modal\" data-target=\"#signInModal\" style=\"display: block;\">...</a> is not clickable at point (363, 86). Other element would receive the click: <img class=\"d-block img-fluid\" src=\"Samsung1.jpg\" alt=\"First slide\">\nScreenshot: file:/app/target/allure-results/1759133431331.5.png\nPage source: file:/app/target/allure-results/1759133431331.5.html\nTimeout: 5 s.\nCaused by: ElementClickInterceptedException: element click intercepted: Element <a class=\"nav-link\" href=\"#\" id=\"signin2\" data-toggle=\"modal\" data-target=\"#signInModal\" style=\"display: block;\">...</a> is not clickable at point (363, 86). Other element would receive the click: <img class=\"d-block img-fluid\" src=\"Samsung1.jpg\" alt=\"First slide\">\n\tat com.codeborne.selenide.impl.ExceptionWrapper.wrap(ExceptionWrapper.java:19)\n\tat com.codeborne.selenide.impl.SelenideElementProxy.dispatchAndRetry(SelenideElementProxy.java:153)\n\tat com.codeborne.selenide.impl.SelenideElementProxy.invoke(SelenideElementProxy.java:83)\n\tat jdk.proxy2/jdk.proxy2.$Proxy28.click(Unknown Source)\n\tat com.ecommerce.base.BasePage.click(BasePage.java:42)\n\tat com.ecommerce.pages.HomePage.clickSignup(HomePage.java:80)\n\tat com.ecommerce.tests.SignupTest.testEmptyPassword(SignupTest.java:98)\n\tat java.base/java.lang.reflect.Method.invoke(Method.java:580)\n\tat java.base/java.util.ArrayList.forEach(ArrayList.java:1596)\n\tat java.base/java.util.ArrayList.forEach(ArrayList.java:1596)\nCaused by: org.openqa.selenium.ElementClickInterceptedException: element click intercepted: Element <a class=\"nav-link\" href=\"#\" id=\"signin2\" data-toggle=\"modal\" data-target=\"#signInModal\" style=\"display: block;\">...</a> is not clickable at point (363, 86). Other element would receive the click: <img class=\"d-block img-fluid\" src=\"Samsung1.jpg\" alt=\"First slide\">\n  (Session info: chrome=140.0.7339.207)\nBuild info: version: '4.24.0', revision: '748ffc9bc3'\nSystem info: os.name: 'Linux', os.arch: 'amd64', os.version: '6.11.0-1018-azure', java.version: '21.0.3'\nDriver info: org.openqa.selenium.remote.RemoteWebDriver\nCommand: [ecf3c9a37806ba1ea772138cb32f50f2, clickElement {id=f.3B74DAC2453CBE5339553958B570E78A.d.47C175E2DB71229C2CDBDFCA34BF7F4D.e.48}]\nCapabilities {acceptInsecureCerts: false, browserName: chrome, browserVersion: 140.0.7339.207, chrome: {chromedriverVersion: 140.0.7339.207 (17230b545fd..., userDataDir: /tmp/.org.chromium.Chromium...}, fedcm:accounts: true, goog:chromeOptions: {debuggerAddress: localhost:39035}, networkConnectionEnabled: false, pageLoadStrategy: normal, platformName: linux, proxy: Proxy(), se:bidiEnabled: false, se:cdp: ws://172.18.0.2:4444/sessio..., se:cdpVersion: 140.0.7339.207, se:containerName: 70d43458264e, se:deleteSessionOnUi: true, se:downloadsEnabled: true, se:noVncPort: 7900, se:vnc: ws://172.18.0.2:4444/sessio..., se:vncEnabled: true, se:vncLocalAddress: ws://172.18.0.2:7900, setWindowRect: true, strictFileInteractability: false, timeouts: {implicit: 0, pageLoad: 300000, script: 30000}, unhandledPromptBehavior: dismiss and notify, webauthn:extension:credBlob: true, webauthn:extension:largeBlob: true, webauthn:extension:minPinLength: true, webauthn:extension:prf: true, webauthn:virtualAuthenticators: true}\nElement: [[RemoteWebDriver: chrome on linux (ecf3c9a37806ba1ea772138cb32f50f2)] -> css selector: #signin2]\nSession ID: ecf3c9a37806ba1ea772138cb32f50f2\n\tat java.base/jdk.internal.reflect.DirectConstructorHandleAccessor.newInstance(DirectConstructorHandleAccessor.java:62)\n\tat java.base/java.lang.reflect.Constructor.newInstanceWithCaller(Constructor.java:502)\n\tat java.base/java.lang.reflect.Constructor.newInstance(Constructor.java:486)\n\tat org.openqa.selenium.remote.ErrorCodec.decode(ErrorCodec.java:167)\n\tat org.openqa.selenium.remote.codec.w3c.W3CHttpResponseCodec.decode(W3CHttpResponseCodec.java:138)\n\tat org.openqa.selenium.remote.codec.w3c.W3CHttpResponseCodec.decode(W3CHttpResponseCodec.java:50)\n\tat org.openqa.selenium.remote.HttpCommandExecutor.execute(HttpCommandExecutor.java:190)\n\tat org.openqa.selenium.remote.TracedCommandExecutor.execute(TracedCommandExecutor.java:53)\n\tat org.openqa.selenium.remote.RemoteWebDriver.execute(RemoteWebDriver.java:545)\n\tat org.openqa.selenium.remote.RemoteWebElement.execute(RemoteWebElement.java:223)\n\tat org.openqa.selenium.remote.RemoteWebElement.click(RemoteWebElement.java:76)\n\tat com.codeborne.selenide.commands.Click.defaultClick(Click.java:105)\n\tat com.codeborne.selenide.commands.Click.doClick(Click.java:83)\n\tat com.codeborne.selenide.commands.Click.click(Click.java:59)\n\tat com.codeborne.selenide.commands.Click.execute(Click.java:39)\n\tat com.codeborne.selenide.FluentCommand.execute(FluentCommand.java:27)\n\tat com.codeborne.selenide.FluentCommand.execute(FluentCommand.java:19)\n\tat com.codeborne.selenide.commands.Commands.execute(Commands.java:160)\n\tat com.codeborne.selenide.impl.SelenideElementProxy.dispatchAndRetry(SelenideElementProxy.java:131)\n\t... 8 more\n","flaky":false,"newFailed":false,"newBroken":false,"newPassed":false,"retriesCount":0,"retriesStatusChange":false,"beforeStages":[],"afterStages":[],"labels":[{"name":"tag","value":"regression"},{"name":"junit.platform.uniqueid","value":"[engine:junit-jupiter]/[class:com.ecommerce.tests.SignupTest]/[method:testEmptyPassword()]"},{"name":"story","value":"User Registration"},{"name":"host","value":"d04ed1f508db"},{"name":"thread","value":"65@d04ed1f508db.main(1)"},{"name":"framework","value":"junit-platform"},{"name":"language","value":"java"},{"name":"package","value":"com.ecommerce.tests.SignupTest"},{"name":"testClass","value":"com.ecommerce.tests.SignupTest"},{"name":"testMethod","value":"testEmptyPassword"},{"name":"suite","value":"com.ecommerce.tests.SignupTest"},{"name":"severity","value":"normal"},{"name":"resultFormat","value":"allure2"}],"parameters":[],"links":[],"hidden":false,"retry":false,"extra":{"severity":"normal","retries":[],"categories":[{"name":"Product defects","matchedStatuses":[],"flaky":false}],"tags":["regression"]},"source":"ff2172c11ccc938f.json","parameterValues":[]}